  main.cpp
C:\Users\kevin\Documents\Uni work\Year 4 Sem 1\Interactive 3D Graphics and Animation\Assignment 1\Asteriod Arena\i3d\vs\Math.h(30,12): warning C4305: 'initializing': truncation from 'double' to 'float'
C:\Users\kevin\Documents\Uni work\Year 4 Sem 1\Interactive 3D Graphics and Animation\Assignment 1\Asteriod Arena\i3d\src\main.cpp(25,28): warning C4305: 'initializing': truncation from 'double' to 'float'
C:\Users\kevin\Documents\Uni work\Year 4 Sem 1\Interactive 3D Graphics and Animation\Assignment 1\Asteriod Arena\i3d\src\main.cpp(131,63): warning C4244: 'argument': conversion from 'unsigned __int64' to 'float', possible loss of data
C:\Users\kevin\Documents\Uni work\Year 4 Sem 1\Interactive 3D Graphics and Animation\Assignment 1\Asteriod Arena\i3d\src\main.cpp(131,34): warning C4244: 'argument': conversion from 'unsigned __int64' to 'float', possible loss of data
C:\Users\kevin\Documents\Uni work\Year 4 Sem 1\Interactive 3D Graphics and Animation\Assignment 1\Asteriod Arena\i3d\src\main.cpp(132,64): warning C4244: 'argument': conversion from 'unsigned __int64' to 'float', possible loss of data
C:\Users\kevin\Documents\Uni work\Year 4 Sem 1\Interactive 3D Graphics and Animation\Assignment 1\Asteriod Arena\i3d\src\main.cpp(132,34): warning C4244: 'argument': conversion from 'unsigned __int64' to 'float', possible loss of data
C:\Users\kevin\Documents\Uni work\Year 4 Sem 1\Interactive 3D Graphics and Animation\Assignment 1\Asteriod Arena\i3d\src\main.cpp(133,87): warning C4244: 'argument': conversion from 'unsigned __int64' to 'float', possible loss of data
C:\Users\kevin\Documents\Uni work\Year 4 Sem 1\Interactive 3D Graphics and Animation\Assignment 1\Asteriod Arena\i3d\src\main.cpp(133,39): warning C4244: 'argument': conversion from 'unsigned __int64' to 'float', possible loss of data
C:\Users\kevin\Documents\Uni work\Year 4 Sem 1\Interactive 3D Graphics and Animation\Assignment 1\Asteriod Arena\i3d\src\main.cpp(134,88): warning C4244: 'argument': conversion from 'unsigned __int64' to 'float', possible loss of data
C:\Users\kevin\Documents\Uni work\Year 4 Sem 1\Interactive 3D Graphics and Animation\Assignment 1\Asteriod Arena\i3d\src\main.cpp(134,39): warning C4244: 'argument': conversion from 'unsigned __int64' to 'float', possible loss of data
C:\Users\kevin\Documents\Uni work\Year 4 Sem 1\Interactive 3D Graphics and Animation\Assignment 1\Asteriod Arena\i3d\src\main.cpp(476,17): warning C4244: 'initializing': conversion from 'double' to 'float', possible loss of data
C:\Users\kevin\Documents\Uni work\Year 4 Sem 1\Interactive 3D Graphics and Animation\Assignment 1\Asteriod Arena\i3d\src\main.cpp(477,16): warning C4244: 'initializing': conversion from 'double' to 'float', possible loss of data
C:\Users\kevin\Documents\Uni work\Year 4 Sem 1\Interactive 3D Graphics and Animation\Assignment 1\Asteriod Arena\i3d\src\main.cpp(491,29): warning C4244: '=': conversion from 'float' to 'int', possible loss of data
C:\Users\kevin\Documents\Uni work\Year 4 Sem 1\Interactive 3D Graphics and Animation\Assignment 1\Asteriod Arena\i3d\src\main.cpp(523,10): warning C4244: '=': conversion from 'int' to 'float', possible loss of data
C:\Users\kevin\Documents\Uni work\Year 4 Sem 1\Interactive 3D Graphics and Animation\Assignment 1\Asteriod Arena\i3d\src\main.cpp(524,11): warning C4244: '=': conversion from 'int' to 'float', possible loss of data
  Arena.cpp
C:\Users\kevin\Documents\Uni work\Year 4 Sem 1\Interactive 3D Graphics and Animation\Assignment 1\Asteriod Arena\i3d\vs\Arena.cpp(35,31): warning C4305: 'argument': truncation from 'double' to 'GLclampf'
C:\Users\kevin\Documents\Uni work\Year 4 Sem 1\Interactive 3D Graphics and Animation\Assignment 1\Asteriod Arena\i3d\vs\Arena.cpp(42,29): warning C4244: 'argument': conversion from 'int' to 'GLfloat', possible loss of data
C:\Users\kevin\Documents\Uni work\Year 4 Sem 1\Interactive 3D Graphics and Animation\Assignment 1\Asteriod Arena\i3d\vs\Arena.cpp(42,19): warning C4244: 'argument': conversion from 'int' to 'GLfloat', possible loss of data
C:\Users\kevin\Documents\Uni work\Year 4 Sem 1\Interactive 3D Graphics and Animation\Assignment 1\Asteriod Arena\i3d\vs\Arena.cpp(43,30): warning C4244: 'argument': conversion from 'int' to 'GLfloat', possible loss of data
C:\Users\kevin\Documents\Uni work\Year 4 Sem 1\Interactive 3D Graphics and Animation\Assignment 1\Asteriod Arena\i3d\vs\Arena.cpp(43,19): warning C4244: 'argument': conversion from 'int' to 'GLfloat', possible loss of data
C:\Users\kevin\Documents\Uni work\Year 4 Sem 1\Interactive 3D Graphics and Animation\Assignment 1\Asteriod Arena\i3d\vs\Arena.cpp(51,29): warning C4244: 'argument': conversion from 'int' to 'GLfloat', possible loss of data
C:\Users\kevin\Documents\Uni work\Year 4 Sem 1\Interactive 3D Graphics and Animation\Assignment 1\Asteriod Arena\i3d\vs\Arena.cpp(51,19): warning C4244: 'argument': conversion from 'int' to 'GLfloat', possible loss of data
C:\Users\kevin\Documents\Uni work\Year 4 Sem 1\Interactive 3D Graphics and Animation\Assignment 1\Asteriod Arena\i3d\vs\Arena.cpp(52,28): warning C4244: 'argument': conversion from 'int' to 'GLfloat', possible loss of data
C:\Users\kevin\Documents\Uni work\Year 4 Sem 1\Interactive 3D Graphics and Animation\Assignment 1\Asteriod Arena\i3d\vs\Arena.cpp(52,18): warning C4244: 'argument': conversion from 'int' to 'GLfloat', possible loss of data
C:\Users\kevin\Documents\Uni work\Year 4 Sem 1\Interactive 3D Graphics and Animation\Assignment 1\Asteriod Arena\i3d\vs\Arena.cpp(60,28): warning C4244: 'argument': conversion from 'int' to 'GLfloat', possible loss of data
C:\Users\kevin\Documents\Uni work\Year 4 Sem 1\Interactive 3D Graphics and Animation\Assignment 1\Asteriod Arena\i3d\vs\Arena.cpp(60,18): warning C4244: 'argument': conversion from 'int' to 'GLfloat', possible loss of data
C:\Users\kevin\Documents\Uni work\Year 4 Sem 1\Interactive 3D Graphics and Animation\Assignment 1\Asteriod Arena\i3d\vs\Arena.cpp(61,29): warning C4244: 'argument': conversion from 'int' to 'GLfloat', possible loss of data
C:\Users\kevin\Documents\Uni work\Year 4 Sem 1\Interactive 3D Graphics and Animation\Assignment 1\Asteriod Arena\i3d\vs\Arena.cpp(61,18): warning C4244: 'argument': conversion from 'int' to 'GLfloat', possible loss of data
C:\Users\kevin\Documents\Uni work\Year 4 Sem 1\Interactive 3D Graphics and Animation\Assignment 1\Asteriod Arena\i3d\vs\Arena.cpp(69,28): warning C4244: 'argument': conversion from 'int' to 'GLfloat', possible loss of data
C:\Users\kevin\Documents\Uni work\Year 4 Sem 1\Interactive 3D Graphics and Animation\Assignment 1\Asteriod Arena\i3d\vs\Arena.cpp(69,13): warning C4244: 'argument': conversion from 'int' to 'GLfloat', possible loss of data
C:\Users\kevin\Documents\Uni work\Year 4 Sem 1\Interactive 3D Graphics and Animation\Assignment 1\Asteriod Arena\i3d\vs\Arena.cpp(70,29): warning C4244: 'argument': conversion from 'int' to 'GLfloat', possible loss of data
C:\Users\kevin\Documents\Uni work\Year 4 Sem 1\Interactive 3D Graphics and Animation\Assignment 1\Asteriod Arena\i3d\vs\Arena.cpp(70,18): warning C4244: 'argument': conversion from 'int' to 'GLfloat', possible loss of data
C:\Users\kevin\Documents\Uni work\Year 4 Sem 1\Interactive 3D Graphics and Animation\Assignment 1\Asteriod Arena\i3d\vs\Arena.cpp(74,18): warning C4244: 'argument': conversion from 'int' to 'float', possible loss of data
C:\Users\kevin\Documents\Uni work\Year 4 Sem 1\Interactive 3D Graphics and Animation\Assignment 1\Asteriod Arena\i3d\vs\Arena.cpp(75,18): warning C4244: 'argument': conversion from 'int' to 'float', possible loss of data
  Player.cpp
C:\Users\kevin\Documents\Uni work\Year 4 Sem 1\Interactive 3D Graphics and Animation\Assignment 1\Asteriod Arena\i3d\vs\Math.h(30,12): warning C4305: 'initializing': truncation from 'double' to 'float'
C:\Users\kevin\Documents\Uni work\Year 4 Sem 1\Interactive 3D Graphics and Animation\Assignment 1\Asteriod Arena\i3d\vs\Player.cpp(78,26): warning C4305: 'argument': truncation from 'double' to 'GLfloat'
C:\Users\kevin\Documents\Uni work\Year 4 Sem 1\Interactive 3D Graphics and Animation\Assignment 1\Asteriod Arena\i3d\vs\Player.cpp(112,26): warning C4305: 'argument': truncation from 'double' to 'GLfloat'
C:\Users\kevin\Documents\Uni work\Year 4 Sem 1\Interactive 3D Graphics and Animation\Assignment 1\Asteriod Arena\i3d\vs\Player.cpp(145,39): warning C4244: '=': conversion from 'double' to 'float', possible loss of data
C:\Users\kevin\Documents\Uni work\Year 4 Sem 1\Interactive 3D Graphics and Animation\Assignment 1\Asteriod Arena\i3d\vs\Player.cpp(161,39): warning C4244: '=': conversion from 'double' to 'float', possible loss of data
C:\Users\kevin\Documents\Uni work\Year 4 Sem 1\Interactive 3D Graphics and Animation\Assignment 1\Asteriod Arena\i3d\vs\Player.cpp(177,16): warning C4244: '=': conversion from 'double' to 'float', possible loss of data
C:\Users\kevin\Documents\Uni work\Year 4 Sem 1\Interactive 3D Graphics and Animation\Assignment 1\Asteriod Arena\i3d\vs\Player.cpp(188,16): warning C4244: '=': conversion from 'double' to 'float', possible loss of data
  Math.cpp
C:\Users\kevin\Documents\Uni work\Year 4 Sem 1\Interactive 3D Graphics and Animation\Assignment 1\Asteriod Arena\i3d\vs\Math.h(30,12): warning C4305: 'initializing': truncation from 'double' to 'float'
C:\Users\kevin\Documents\Uni work\Year 4 Sem 1\Interactive 3D Graphics and Animation\Assignment 1\Asteriod Arena\i3d\vs\Math.cpp(59,13): warning C4244: 'initializing': conversion from 'float' to 'int', possible loss of data
C:\Users\kevin\Documents\Uni work\Year 4 Sem 1\Interactive 3D Graphics and Animation\Assignment 1\Asteriod Arena\i3d\vs\Math.cpp(60,15): warning C4244: '=': conversion from 'double' to 'int', possible loss of data
  Bullet.cpp
C:\Users\kevin\Documents\Uni work\Year 4 Sem 1\Interactive 3D Graphics and Animation\Assignment 1\Asteriod Arena\i3d\vs\Math.h(30,12): warning C4305: 'initializing': truncation from 'double' to 'float'
  Asteroid.cpp
C:\Users\kevin\Documents\Uni work\Year 4 Sem 1\Interactive 3D Graphics and Animation\Assignment 1\Asteriod Arena\i3d\vs\Math.h(30,12): warning C4305: 'initializing': truncation from 'double' to 'float'
C:\Users\kevin\Documents\Uni work\Year 4 Sem 1\Interactive 3D Graphics and Animation\Assignment 1\Asteriod Arena\i3d\vs\Asteroid.cpp(37,20): warning C4244: 'initializing': conversion from 'float' to 'int', possible loss of data
C:\Users\kevin\Documents\Uni work\Year 4 Sem 1\Interactive 3D Graphics and Animation\Assignment 1\Asteriod Arena\i3d\vs\Asteroid.cpp(38,16): warning C4244: 'initializing': conversion from 'float' to 'int', possible loss of data
C:\Users\kevin\Documents\Uni work\Year 4 Sem 1\Interactive 3D Graphics and Animation\Assignment 1\Asteriod Arena\i3d\vs\Asteroid.cpp(44,21): warning C4244: 'initializing': conversion from 'float' to 'int', possible loss of data
C:\Users\kevin\Documents\Uni work\Year 4 Sem 1\Interactive 3D Graphics and Animation\Assignment 1\Asteriod Arena\i3d\vs\Asteroid.cpp(46,34): warning C4244: '=': conversion from 'float' to 'int', possible loss of data
C:\Users\kevin\Documents\Uni work\Year 4 Sem 1\Interactive 3D Graphics and Animation\Assignment 1\Asteriod Arena\i3d\vs\Asteroid.cpp(55,23): warning C4244: 'argument': conversion from 'int' to 'float', possible loss of data
C:\Users\kevin\Documents\Uni work\Year 4 Sem 1\Interactive 3D Graphics and Animation\Assignment 1\Asteriod Arena\i3d\vs\Asteroid.cpp(56,23): warning C4244: 'argument': conversion from 'int' to 'float', possible loss of data
C:\Users\kevin\Documents\Uni work\Year 4 Sem 1\Interactive 3D Graphics and Animation\Assignment 1\Asteriod Arena\i3d\vs\Asteroid.cpp(70,30): warning C4244: '=': conversion from 'unsigned int' to 'float', possible loss of data
C:\Users\kevin\Documents\Uni work\Year 4 Sem 1\Interactive 3D Graphics and Animation\Assignment 1\Asteriod Arena\i3d\vs\Asteroid.cpp(71,60): warning C4244: 'argument': conversion from 'int' to 'float', possible loss of data
C:\Users\kevin\Documents\Uni work\Year 4 Sem 1\Interactive 3D Graphics and Animation\Assignment 1\Asteriod Arena\i3d\vs\Asteroid.cpp(80,31): warning C4244: '=': conversion from 'unsigned int' to 'float', possible loss of data
C:\Users\kevin\Documents\Uni work\Year 4 Sem 1\Interactive 3D Graphics and Animation\Assignment 1\Asteriod Arena\i3d\vs\Asteroid.cpp(81,60): warning C4244: 'argument': conversion from 'int' to 'float', possible loss of data
C:\Users\kevin\Documents\Uni work\Year 4 Sem 1\Interactive 3D Graphics and Animation\Assignment 1\Asteriod Arena\i3d\vs\Asteroid.cpp(89,30): warning C4244: '=': conversion from 'unsigned int' to 'float', possible loss of data
C:\Users\kevin\Documents\Uni work\Year 4 Sem 1\Interactive 3D Graphics and Animation\Assignment 1\Asteriod Arena\i3d\vs\Asteroid.cpp(90,60): warning C4244: 'argument': conversion from 'int' to 'float', possible loss of data
C:\Users\kevin\Documents\Uni work\Year 4 Sem 1\Interactive 3D Graphics and Animation\Assignment 1\Asteriod Arena\i3d\vs\Asteroid.cpp(122,28): warning C4305: 'argument': truncation from 'double' to 'GLfloat'
C:\Users\kevin\Documents\Uni work\Year 4 Sem 1\Interactive 3D Graphics and Animation\Assignment 1\Asteriod Arena\i3d\vs\Asteroid.cpp(125,30): warning C4305: 'argument': truncation from 'double' to 'GLfloat'
C:\Users\kevin\Documents\Uni work\Year 4 Sem 1\Interactive 3D Graphics and Animation\Assignment 1\Asteriod Arena\i3d\vs\Asteroid.cpp(128,27): warning C4305: 'argument': truncation from 'double' to 'GLfloat'
C:\Users\kevin\Documents\Uni work\Year 4 Sem 1\Interactive 3D Graphics and Animation\Assignment 1\Asteriod Arena\i3d\vs\Asteroid.cpp(131,27): warning C4305: 'argument': truncation from 'double' to 'GLfloat'
C:\Users\kevin\Documents\Uni work\Year 4 Sem 1\Interactive 3D Graphics and Animation\Assignment 1\Asteriod Arena\i3d\vs\Asteroid.cpp(154,17): warning C4244: '=': conversion from 'double' to 'float', possible loss of data
C:\Users\kevin\Documents\Uni work\Year 4 Sem 1\Interactive 3D Graphics and Animation\Assignment 1\Asteriod Arena\i3d\vs\Asteroid.cpp(158,17): warning C4244: '=': conversion from 'double' to 'float', possible loss of data
C:\Users\kevin\Documents\Uni work\Year 4 Sem 1\Interactive 3D Graphics and Animation\Assignment 1\Asteriod Arena\i3d\vs\Asteroid.cpp(226,24): warning C4244: '=': conversion from 'float' to 'int', possible loss of data
  Missile.cpp
C:\Users\kevin\Documents\Uni work\Year 4 Sem 1\Interactive 3D Graphics and Animation\Assignment 1\Asteriod Arena\i3d\vs\Missile.cpp(1,10): warning C4067: unexpected tokens following preprocessor directive - expected a newline
C:\Users\kevin\Documents\Uni work\Year 4 Sem 1\Interactive 3D Graphics and Animation\Assignment 1\Asteriod Arena\i3d\vs\Math.h(30,12): warning C4305: 'initializing': truncation from 'double' to 'float'
  Vector.cpp
  Generating Code...
  i3d.vcxproj -> C:\Users\kevin\Documents\Uni work\Year 4 Sem 1\Interactive 3D Graphics and Animation\Assignment 1\Asteriod Arena\i3d\i3d64dbg.exe
